app/build/intermediates/manifest_merge_blame_file/debug/manifest-merger-blame-debug-report.txt
1<?xml version="1.0" encoding="utf-8"?>
2<manifest xmlns:android="http://schemas.android.com/apk/res/android"
3    package="com.example.connect"
4    android:versionCode="1"
5    android:versionName="1.0" >
6
7    <uses-sdk
8        android:minSdkVersion="23"
8-->src/main/AndroidManifest.xml
9        android:targetSdkVersion="30" />
9-->src/main/AndroidManifest.xml
10
11    <!-- XXX ACCESS_NETWORK_STATE is required by WebRTC. -->
12    <uses-permission android:name="android.permission.ACCESS_NETWORK_STATE" />
12-->[org.jitsi.react:jitsi-meet-sdk:2.11.0] AndroidManifest.xml:9:5-79
12-->[org.jitsi.react:jitsi-meet-sdk:2.11.0] AndroidManifest.xml:9:22-76
13    <uses-permission android:name="android.permission.BLUETOOTH" />
13-->[org.jitsi.react:jitsi-meet-sdk:2.11.0] AndroidManifest.xml:10:5-68
13-->[org.jitsi.react:jitsi-meet-sdk:2.11.0] AndroidManifest.xml:10:22-65
14    <uses-permission android:name="android.permission.CAMERA" />
14-->[org.jitsi.react:jitsi-meet-sdk:2.11.0] AndroidManifest.xml:11:5-65
14-->[org.jitsi.react:jitsi-meet-sdk:2.11.0] AndroidManifest.xml:11:22-62
15    <uses-permission android:name="android.permission.INTERNET" />
15-->[org.jitsi.react:jitsi-meet-sdk:2.11.0] AndroidManifest.xml:12:5-67
15-->[org.jitsi.react:jitsi-meet-sdk:2.11.0] AndroidManifest.xml:12:22-64
16    <uses-permission android:name="android.permission.MANAGE_OWN_CALLS" />
16-->[org.jitsi.react:jitsi-meet-sdk:2.11.0] AndroidManifest.xml:13:5-75
16-->[org.jitsi.react:jitsi-meet-sdk:2.11.0] AndroidManifest.xml:13:22-72
17    <uses-permission android:name="android.permission.MODIFY_AUDIO_SETTINGS" />
17-->[org.jitsi.react:jitsi-meet-sdk:2.11.0] AndroidManifest.xml:14:5-80
17-->[org.jitsi.react:jitsi-meet-sdk:2.11.0] AndroidManifest.xml:14:22-77
18    <uses-permission android:name="android.permission.RECORD_AUDIO" />
18-->[org.jitsi.react:jitsi-meet-sdk:2.11.0] AndroidManifest.xml:15:5-71
18-->[org.jitsi.react:jitsi-meet-sdk:2.11.0] AndroidManifest.xml:15:22-68
19    <uses-permission android:name="android.permission.SYSTEM_ALERT_WINDOW" />
19-->[org.jitsi.react:jitsi-meet-sdk:2.11.0] AndroidManifest.xml:16:5-78
19-->[org.jitsi.react:jitsi-meet-sdk:2.11.0] AndroidManifest.xml:16:22-75
20    <uses-permission android:name="android.permission.WAKE_LOCK" />
20-->[org.jitsi.react:jitsi-meet-sdk:2.11.0] AndroidManifest.xml:17:5-68
20-->[org.jitsi.react:jitsi-meet-sdk:2.11.0] AndroidManifest.xml:17:22-65
21    <uses-permission android:name="android.permission.ACCESS_WIFI_STATE" />
21-->[org.jitsi.react:jitsi-meet-sdk:2.11.0] AndroidManifest.xml:18:5-76
21-->[org.jitsi.react:jitsi-meet-sdk:2.11.0] AndroidManifest.xml:18:22-73
22    <uses-permission android:name="android.permission.FOREGROUND_SERVICE" />
22-->[org.jitsi.react:jitsi-meet-sdk:2.11.0] AndroidManifest.xml:19:5-77
22-->[org.jitsi.react:jitsi-meet-sdk:2.11.0] AndroidManifest.xml:19:22-74
23
24    <uses-feature
24-->[org.jitsi.react:jitsi-meet-sdk:2.11.0] AndroidManifest.xml:21:5-23:35
25        android:glEsVersion="0x00020000"
25-->[org.jitsi.react:jitsi-meet-sdk:2.11.0] AndroidManifest.xml:22:9-41
26        android:required="true" />
26-->[org.jitsi.react:jitsi-meet-sdk:2.11.0] AndroidManifest.xml:23:9-32
27    <uses-feature
27-->[org.jitsi.react:jitsi-meet-sdk:2.11.0] AndroidManifest.xml:24:5-26:36
28        android:name="android.hardware.camera"
28-->[org.jitsi.react:jitsi-meet-sdk:2.11.0] AndroidManifest.xml:25:9-47
29        android:required="false" />
29-->[org.jitsi.react:jitsi-meet-sdk:2.11.0] AndroidManifest.xml:26:9-33
30    <uses-feature
30-->[org.jitsi.react:jitsi-meet-sdk:2.11.0] AndroidManifest.xml:27:5-29:36
31        android:name="android.hardware.camera.autofocus"
31-->[org.jitsi.react:jitsi-meet-sdk:2.11.0] AndroidManifest.xml:28:9-57
32        android:required="false" />
32-->[org.jitsi.react:jitsi-meet-sdk:2.11.0] AndroidManifest.xml:29:9-33
33
34    <uses-permission android:name="android.permission.WRITE_CALENDAR" />
34-->[com.facebook.react:react-native-calendar-events:2.0.0-jitsi-5932602] AndroidManifest.xml:11:5-73
34-->[com.facebook.react:react-native-calendar-events:2.0.0-jitsi-5932602] AndroidManifest.xml:11:22-70
35    <uses-permission android:name="android.permission.READ_CALENDAR" />
35-->[com.facebook.react:react-native-calendar-events:2.0.0-jitsi-5932602] AndroidManifest.xml:12:5-72
35-->[com.facebook.react:react-native-calendar-events:2.0.0-jitsi-5932602] AndroidManifest.xml:12:22-69
36    <uses-permission android:name="com.google.android.finsky.permission.BIND_GET_INSTALL_REFERRER_SERVICE" />
36-->[com.google.android.gms:play-services-measurement:19.0.0] AndroidManifest.xml:26:5-110
36-->[com.google.android.gms:play-services-measurement:19.0.0] AndroidManifest.xml:26:22-107
37
38    <application
38-->src/main/AndroidManifest.xml:5:5-25:19
39        android:allowBackup="true"
39-->src/main/AndroidManifest.xml:6:9-35
40        android:appComponentFactory="androidx.core.app.CoreComponentFactory"
40-->[androidx.core:core:1.3.1] AndroidManifest.xml:24:18-86
41        android:debuggable="true"
42        android:extractNativeLibs="false"
43        android:icon="@mipmap/ic_launcher"
43-->src/main/AndroidManifest.xml:7:9-43
44        android:label="@string/app_name"
44-->src/main/AndroidManifest.xml:8:9-41
45        android:roundIcon="@mipmap/ic_launcher_round"
45-->src/main/AndroidManifest.xml:9:9-54
46        android:supportsRtl="true"
46-->src/main/AndroidManifest.xml:10:9-35
47        android:testOnly="true"
48        android:theme="@style/Theme.Connect" >
48-->src/main/AndroidManifest.xml:11:9-45
49        <activity android:name="com.example.connect.UpdateActivity" />
49-->src/main/AndroidManifest.xml:12:9-61
49-->src/main/AndroidManifest.xml:12:19-49
50        <activity android:name="com.example.connect.ProfileActivity" />
50-->src/main/AndroidManifest.xml:13:9-53
50-->src/main/AndroidManifest.xml:13:19-50
51        <activity android:name="com.example.connect.ForgotPasswordActivity" />
51-->src/main/AndroidManifest.xml:14:9-60
51-->src/main/AndroidManifest.xml:14:19-57
52        <activity android:name="com.example.connect.DashboardActivity" />
52-->src/main/AndroidManifest.xml:15:9-55
52-->src/main/AndroidManifest.xml:15:19-52
53        <activity android:name="com.example.connect.SignupActivity" />
53-->src/main/AndroidManifest.xml:16:9-52
53-->src/main/AndroidManifest.xml:16:19-49
54        <activity android:name="com.example.connect.LoginActivity" />
54-->src/main/AndroidManifest.xml:17:9-51
54-->src/main/AndroidManifest.xml:17:19-48
55        <activity android:name="com.example.connect.MainActivity" >
55-->src/main/AndroidManifest.xml:18:9-24:20
55-->src/main/AndroidManifest.xml:18:19-47
56            <intent-filter>
56-->src/main/AndroidManifest.xml:19:13-23:29
57                <action android:name="android.intent.action.MAIN" />
57-->src/main/AndroidManifest.xml:20:17-69
57-->src/main/AndroidManifest.xml:20:25-66
58
59                <category android:name="android.intent.category.LAUNCHER" />
59-->src/main/AndroidManifest.xml:22:17-77
59-->src/main/AndroidManifest.xml:22:27-74
60            </intent-filter>
61        </activity>
62        <activity
62-->[org.jitsi.react:jitsi-meet-sdk:2.11.0] AndroidManifest.xml:35:9-41:58
63            android:name="org.jitsi.meet.sdk.JitsiMeetActivity"
63-->[org.jitsi.react:jitsi-meet-sdk:2.11.0] AndroidManifest.xml:36:13-64
64            android:configChanges="keyboard|keyboardHidden|orientation|screenLayout|screenSize|smallestScreenSize"
64-->[org.jitsi.react:jitsi-meet-sdk:2.11.0] AndroidManifest.xml:37:13-115
65            android:launchMode="singleTask"
65-->[org.jitsi.react:jitsi-meet-sdk:2.11.0] AndroidManifest.xml:38:13-44
66            android:resizeableActivity="true"
66-->[org.jitsi.react:jitsi-meet-sdk:2.11.0] AndroidManifest.xml:39:13-46
67            android:supportsPictureInPicture="true"
67-->[org.jitsi.react:jitsi-meet-sdk:2.11.0] AndroidManifest.xml:40:13-52
68            android:windowSoftInputMode="adjustResize" />
68-->[org.jitsi.react:jitsi-meet-sdk:2.11.0] AndroidManifest.xml:41:13-55
69        <activity android:name="com.facebook.react.devsupport.DevSettingsActivity" />
69-->[org.jitsi.react:jitsi-meet-sdk:2.11.0] AndroidManifest.xml:42:9-86
69-->[org.jitsi.react:jitsi-meet-sdk:2.11.0] AndroidManifest.xml:42:19-83
70
71        <service
71-->[org.jitsi.react:jitsi-meet-sdk:2.11.0] AndroidManifest.xml:44:9-50:19
72            android:name="org.jitsi.meet.sdk.ConnectionService"
72-->[org.jitsi.react:jitsi-meet-sdk:2.11.0] AndroidManifest.xml:45:13-64
73            android:permission="android.permission.BIND_TELECOM_CONNECTION_SERVICE" >
73-->[org.jitsi.react:jitsi-meet-sdk:2.11.0] AndroidManifest.xml:46:13-84
74            <intent-filter>
74-->[org.jitsi.react:jitsi-meet-sdk:2.11.0] AndroidManifest.xml:47:13-49:29
75                <action android:name="android.telecom.ConnectionService" />
75-->[org.jitsi.react:jitsi-meet-sdk:2.11.0] AndroidManifest.xml:48:17-76
75-->[org.jitsi.react:jitsi-meet-sdk:2.11.0] AndroidManifest.xml:48:25-73
76            </intent-filter>
77        </service>
78        <service
78-->[org.jitsi.react:jitsi-meet-sdk:2.11.0] AndroidManifest.xml:51:9-53:63
79            android:name="org.jitsi.meet.sdk.JitsiMeetOngoingConferenceService"
79-->[org.jitsi.react:jitsi-meet-sdk:2.11.0] AndroidManifest.xml:52:13-80
80            android:foregroundServiceType="mediaProjection" />
80-->[org.jitsi.react:jitsi-meet-sdk:2.11.0] AndroidManifest.xml:53:13-60
81
82        <provider
82-->[com.facebook.react:react-native-webview:10.9.0-jitsi-5932602] AndroidManifest.xml:12:9-20:20
83            android:name="com.reactnativecommunity.webview.RNCWebViewFileProvider"
83-->[com.facebook.react:react-native-webview:10.9.0-jitsi-5932602] AndroidManifest.xml:13:13-83
84            android:authorities="com.example.connect.fileprovider"
84-->[com.facebook.react:react-native-webview:10.9.0-jitsi-5932602] AndroidManifest.xml:14:13-64
85            android:exported="false"
85-->[com.facebook.react:react-native-webview:10.9.0-jitsi-5932602] AndroidManifest.xml:15:13-37
86            android:grantUriPermissions="true" >
86-->[com.facebook.react:react-native-webview:10.9.0-jitsi-5932602] AndroidManifest.xml:16:13-47
87            <meta-data
87-->[com.facebook.react:react-native-webview:10.9.0-jitsi-5932602] AndroidManifest.xml:17:13-19:63
88                android:name="android.support.FILE_PROVIDER_PATHS"
88-->[com.facebook.react:react-native-webview:10.9.0-jitsi-5932602] AndroidManifest.xml:18:17-67
89                android:resource="@xml/file_provider_paths" />
89-->[com.facebook.react:react-native-webview:10.9.0-jitsi-5932602] AndroidManifest.xml:19:17-60
90        </provider>
91
92        <activity
92-->[com.google.firebase:firebase-auth:21.0.1] AndroidManifest.xml:27:9-44:20
93            android:name="com.google.firebase.auth.internal.GenericIdpActivity"
93-->[com.google.firebase:firebase-auth:21.0.1] AndroidManifest.xml:28:13-80
94            android:excludeFromRecents="true"
94-->[com.google.firebase:firebase-auth:21.0.1] AndroidManifest.xml:29:13-46
95            android:exported="true"
95-->[com.google.firebase:firebase-auth:21.0.1] AndroidManifest.xml:30:13-36
96            android:launchMode="singleTask"
96-->[com.google.firebase:firebase-auth:21.0.1] AndroidManifest.xml:31:13-44
97            android:theme="@android:style/Theme.Translucent.NoTitleBar" >
97-->[com.google.firebase:firebase-auth:21.0.1] AndroidManifest.xml:32:13-72
98            <intent-filter>
98-->[com.google.firebase:firebase-auth:21.0.1] AndroidManifest.xml:33:13-43:29
99                <action android:name="android.intent.action.VIEW" />
99-->[com.google.firebase:firebase-auth:21.0.1] AndroidManifest.xml:34:17-69
99-->[com.google.firebase:firebase-auth:21.0.1] AndroidManifest.xml:34:25-66
100
101                <category android:name="android.intent.category.DEFAULT" />
101-->[com.google.firebase:firebase-auth:21.0.1] AndroidManifest.xml:36:17-76
101-->[com.google.firebase:firebase-auth:21.0.1] AndroidManifest.xml:36:27-73
102                <category android:name="android.intent.category.BROWSABLE" />
102-->[com.google.firebase:firebase-auth:21.0.1] AndroidManifest.xml:37:17-78
102-->[com.google.firebase:firebase-auth:21.0.1] AndroidManifest.xml:37:27-75
103
104                <data
104-->[com.google.firebase:firebase-auth:21.0.1] AndroidManifest.xml:39:17-42:51
105                    android:host="firebase.auth"
105-->[com.google.firebase:firebase-auth:21.0.1] AndroidManifest.xml:40:21-49
106                    android:path="/"
106-->[com.google.firebase:firebase-auth:21.0.1] AndroidManifest.xml:41:21-37
107                    android:scheme="genericidp" />
107-->[com.google.firebase:firebase-auth:21.0.1] AndroidManifest.xml:42:21-48
108            </intent-filter>
109        </activity>
110        <activity
110-->[com.google.firebase:firebase-auth:21.0.1] AndroidManifest.xml:45:9-62:20
111            android:name="com.google.firebase.auth.internal.RecaptchaActivity"
111-->[com.google.firebase:firebase-auth:21.0.1] AndroidManifest.xml:46:13-79
112            android:excludeFromRecents="true"
112-->[com.google.firebase:firebase-auth:21.0.1] AndroidManifest.xml:47:13-46
113            android:exported="true"
113-->[com.google.firebase:firebase-auth:21.0.1] AndroidManifest.xml:48:13-36
114            android:launchMode="singleTask"
114-->[com.google.firebase:firebase-auth:21.0.1] AndroidManifest.xml:49:13-44
115            android:theme="@android:style/Theme.Translucent.NoTitleBar" >
115-->[com.google.firebase:firebase-auth:21.0.1] AndroidManifest.xml:50:13-72
116            <intent-filter>
116-->[com.google.firebase:firebase-auth:21.0.1] AndroidManifest.xml:51:13-61:29
117                <action android:name="android.intent.action.VIEW" />
117-->[com.google.firebase:firebase-auth:21.0.1] AndroidManifest.xml:34:17-69
117-->[com.google.firebase:firebase-auth:21.0.1] AndroidManifest.xml:34:25-66
118
119                <category android:name="android.intent.category.DEFAULT" />
119-->[com.google.firebase:firebase-auth:21.0.1] AndroidManifest.xml:36:17-76
119-->[com.google.firebase:firebase-auth:21.0.1] AndroidManifest.xml:36:27-73
120                <category android:name="android.intent.category.BROWSABLE" />
120-->[com.google.firebase:firebase-auth:21.0.1] AndroidManifest.xml:37:17-78
120-->[com.google.firebase:firebase-auth:21.0.1] AndroidManifest.xml:37:27-75
121
122                <data
122-->[com.google.firebase:firebase-auth:21.0.1] AndroidManifest.xml:39:17-42:51
123                    android:host="firebase.auth"
123-->[com.google.firebase:firebase-auth:21.0.1] AndroidManifest.xml:40:21-49
124                    android:path="/"
124-->[com.google.firebase:firebase-auth:21.0.1] AndroidManifest.xml:41:21-37
125                    android:scheme="recaptcha" />
125-->[com.google.firebase:firebase-auth:21.0.1] AndroidManifest.xml:42:21-48
126            </intent-filter>
127        </activity>
128
129        <service
129-->[com.google.firebase:firebase-auth:21.0.1] AndroidManifest.xml:64:9-73:19
130            android:name="com.google.firebase.auth.api.fallback.service.FirebaseAuthFallbackService"
130-->[com.google.firebase:firebase-auth:21.0.1] AndroidManifest.xml:65:13-101
131            android:enabled="true"
131-->[com.google.firebase:firebase-auth:21.0.1] AndroidManifest.xml:66:13-35
132            android:exported="false" >
132-->[com.google.firebase:firebase-auth:21.0.1] AndroidManifest.xml:67:13-37
133            <intent-filter>
133-->[com.google.firebase:firebase-auth:21.0.1] AndroidManifest.xml:68:13-72:29
134                <action android:name="com.google.firebase.auth.api.gms.service.START" />
134-->[com.google.firebase:firebase-auth:21.0.1] AndroidManifest.xml:69:17-89
134-->[com.google.firebase:firebase-auth:21.0.1] AndroidManifest.xml:69:25-86
135
136                <category android:name="android.intent.category.DEFAULT" />
136-->[com.google.firebase:firebase-auth:21.0.1] AndroidManifest.xml:36:17-76
136-->[com.google.firebase:firebase-auth:21.0.1] AndroidManifest.xml:36:27-73
137            </intent-filter>
138        </service>
139        <service
139-->[com.google.firebase:firebase-auth:21.0.1] AndroidManifest.xml:74:9-80:19
140            android:name="com.google.firebase.components.ComponentDiscoveryService"
140-->[com.google.firebase:firebase-auth:21.0.1] AndroidManifest.xml:75:13-84
141            android:directBootAware="true"
141-->[com.google.firebase:firebase-common:20.0.0] AndroidManifest.xml:35:13-43
142            android:exported="false" >
142-->[com.google.firebase:firebase-auth:21.0.1] AndroidManifest.xml:76:13-37
143            <meta-data
143-->[com.google.firebase:firebase-auth:21.0.1] AndroidManifest.xml:77:13-79:85
144                android:name="com.google.firebase.components:com.google.firebase.auth.FirebaseAuthRegistrar"
144-->[com.google.firebase:firebase-auth:21.0.1] AndroidManifest.xml:78:17-109
145                android:value="com.google.firebase.components.ComponentRegistrar" />
145-->[com.google.firebase:firebase-auth:21.0.1] AndroidManifest.xml:79:17-82
146            <meta-data
146-->[com.google.firebase:firebase-firestore:23.0.1] AndroidManifest.xml:20:13-22:85
147                android:name="com.google.firebase.components:com.google.firebase.firestore.FirestoreRegistrar"
147-->[com.google.firebase:firebase-firestore:23.0.1] AndroidManifest.xml:21:17-111
148                android:value="com.google.firebase.components.ComponentRegistrar" />
148-->[com.google.firebase:firebase-firestore:23.0.1] AndroidManifest.xml:22:17-82
149            <meta-data
149-->[com.google.android.gms:play-services-measurement-api:19.0.0] AndroidManifest.xml:30:13-32:85
150                android:name="com.google.firebase.components:com.google.firebase.analytics.connector.internal.AnalyticsConnectorRegistrar"
150-->[com.google.android.gms:play-services-measurement-api:19.0.0] AndroidManifest.xml:31:17-139
151                android:value="com.google.firebase.components.ComponentRegistrar" />
151-->[com.google.android.gms:play-services-measurement-api:19.0.0] AndroidManifest.xml:32:17-82
152            <meta-data
152-->[com.google.firebase:firebase-installations:17.0.0] AndroidManifest.xml:18:13-20:85
153                android:name="com.google.firebase.components:com.google.firebase.installations.FirebaseInstallationsRegistrar"
153-->[com.google.firebase:firebase-installations:17.0.0] AndroidManifest.xml:19:17-127
154                android:value="com.google.firebase.components.ComponentRegistrar" />
154-->[com.google.firebase:firebase-installations:17.0.0] AndroidManifest.xml:20:17-82
155        </service>
156
157        <provider
157-->[com.google.firebase:firebase-common:20.0.0] AndroidManifest.xml:26:9-31:39
158            android:name="com.google.firebase.provider.FirebaseInitProvider"
158-->[com.google.firebase:firebase-common:20.0.0] AndroidManifest.xml:27:13-77
159            android:authorities="com.example.connect.firebaseinitprovider"
159-->[com.google.firebase:firebase-common:20.0.0] AndroidManifest.xml:28:13-72
160            android:directBootAware="true"
160-->[com.google.firebase:firebase-common:20.0.0] AndroidManifest.xml:29:13-43
161            android:exported="false"
161-->[com.google.firebase:firebase-common:20.0.0] AndroidManifest.xml:30:13-37
162            android:initOrder="100" />
162-->[com.google.firebase:firebase-common:20.0.0] AndroidManifest.xml:31:13-36
163
164        <activity
164-->[com.google.android.gms:play-services-auth:17.0.0] AndroidManifest.xml:23:9-27:75
165            android:name="com.google.android.gms.auth.api.signin.internal.SignInHubActivity"
165-->[com.google.android.gms:play-services-auth:17.0.0] AndroidManifest.xml:24:13-93
166            android:excludeFromRecents="true"
166-->[com.google.android.gms:play-services-auth:17.0.0] AndroidManifest.xml:25:13-46
167            android:exported="false"
167-->[com.google.android.gms:play-services-auth:17.0.0] AndroidManifest.xml:26:13-37
168            android:theme="@android:style/Theme.Translucent.NoTitleBar" />
168-->[com.google.android.gms:play-services-auth:17.0.0] AndroidManifest.xml:27:13-72
169        <!--
170            Service handling Google Sign-In user revocation. For apps that do not integrate with
171            Google Sign-In, this service will never be started.
172        -->
173        <service
173-->[com.google.android.gms:play-services-auth:17.0.0] AndroidManifest.xml:33:9-36:110
174            android:name="com.google.android.gms.auth.api.signin.RevocationBoundService"
174-->[com.google.android.gms:play-services-auth:17.0.0] AndroidManifest.xml:34:13-89
175            android:exported="true"
175-->[com.google.android.gms:play-services-auth:17.0.0] AndroidManifest.xml:35:13-36
176            android:permission="com.google.android.gms.auth.api.signin.permission.REVOCATION_NOTIFICATION" />
176-->[com.google.android.gms:play-services-auth:17.0.0] AndroidManifest.xml:36:13-107
177
178        <activity
178-->[com.google.android.gms:play-services-base:17.1.0] AndroidManifest.xml:23:9-26:75
179            android:name="com.google.android.gms.common.api.GoogleApiActivity"
179-->[com.google.android.gms:play-services-base:17.1.0] AndroidManifest.xml:24:13-79
180            android:exported="false"
180-->[com.google.android.gms:play-services-base:17.1.0] AndroidManifest.xml:25:13-37
181            android:theme="@android:style/Theme.Translucent.NoTitleBar" />
181-->[com.google.android.gms:play-services-base:17.1.0] AndroidManifest.xml:26:13-72
182
183        <receiver
183-->[com.google.android.gms:play-services-measurement:19.0.0] AndroidManifest.xml:29:9-33:20
184            android:name="com.google.android.gms.measurement.AppMeasurementReceiver"
184-->[com.google.android.gms:play-services-measurement:19.0.0] AndroidManifest.xml:30:13-85
185            android:enabled="true"
185-->[com.google.android.gms:play-services-measurement:19.0.0] AndroidManifest.xml:31:13-35
186            android:exported="false" >
186-->[com.google.android.gms:play-services-measurement:19.0.0] AndroidManifest.xml:32:13-37
187        </receiver>
188
189        <service
189-->[com.google.android.gms:play-services-measurement:19.0.0] AndroidManifest.xml:35:9-38:40
190            android:name="com.google.android.gms.measurement.AppMeasurementService"
190-->[com.google.android.gms:play-services-measurement:19.0.0] AndroidManifest.xml:36:13-84
191            android:enabled="true"
191-->[com.google.android.gms:play-services-measurement:19.0.0] AndroidManifest.xml:37:13-35
192            android:exported="false" />
192-->[com.google.android.gms:play-services-measurement:19.0.0] AndroidManifest.xml:38:13-37
193        <service
193-->[com.google.android.gms:play-services-measurement:19.0.0] AndroidManifest.xml:39:9-43:72
194            android:name="com.google.android.gms.measurement.AppMeasurementJobService"
194-->[com.google.android.gms:play-services-measurement:19.0.0] AndroidManifest.xml:40:13-87
195            android:enabled="true"
195-->[com.google.android.gms:play-services-measurement:19.0.0] AndroidManifest.xml:41:13-35
196            android:exported="false"
196-->[com.google.android.gms:play-services-measurement:19.0.0] AndroidManifest.xml:42:13-37
197            android:permission="android.permission.BIND_JOB_SERVICE" />
197-->[com.google.android.gms:play-services-measurement:19.0.0] AndroidManifest.xml:43:13-69
198
199        <meta-data
199-->[com.google.android.gms:play-services-basement:17.1.0] AndroidManifest.xml:23:9-25:69
200            android:name="com.google.android.gms.version"
200-->[com.google.android.gms:play-services-basement:17.1.0] AndroidManifest.xml:24:13-58
201            android:value="@integer/google_play_services_version" />
201-->[com.google.android.gms:play-services-basement:17.1.0] AndroidManifest.xml:25:13-66
202    </application>
203
204</manifest>